
> stjs@1.0.0 test /Users/gvwilson/stjs
> mocha */test/test-*.js "-g" "interactive debugger"



  interactive debugger
    1) runs and prints
    2) breaks and resumes


  0 passing (5ms)
  2 failing

  1) interactive debugger
       runs and prints:
     ReferenceError: __dirname is not defined
      at setup (file:///Users/gvwilson/stjs/debugger/test/test-expect.js:10:38)
      at Context.<anonymous> (file:///Users/gvwilson/stjs/debugger/test/test-expect.js:20:5)
      at processImmediate (internal/timers.js:461:21)

  2) interactive debugger
       breaks and resumes:
     ReferenceError: __dirname is not defined
      at setup (file:///Users/gvwilson/stjs/debugger/test/test-expect.js:10:38)
      at Context.<anonymous> (file:///Users/gvwilson/stjs/debugger/test/test-expect.js:29:5)
      at processImmediate (internal/timers.js:461:21)



npm ERR! code ELIFECYCLE
npm ERR! errno 2
npm ERR! stjs@1.0.0 test: `mocha */test/test-*.js "-g" "interactive debugger"`
npm ERR! Exit status 2
npm ERR! 
npm ERR! Failed at the stjs@1.0.0 test script.
npm ERR! This is probably not a problem with npm. There is likely additional logging output above.

npm ERR! A complete log of this run can be found in:
npm ERR!     /Users/gvwilson/.npm/_logs/2020-11-24T13_09_03_065Z-debug.log
